<?xml version="1.0" encoding="UTF-8"?>
<testsuite xmlns:xsi="http://www.w3.org/2001/XMLSchema-instance" xsi:noNamespaceSchemaLocation="https://maven.apache.org/surefire/maven-surefire-plugin/xsd/surefire-test-report.xsd" name="com.aline.usermicroservice.LoginIntegrationTest" time="5.658" tests="6" errors="0" skipped="0" failures="0">
  <properties>
[...]
</properties>
  <testcase name="test_login_statusIsUnauthorized_when_login_correct_but_user_notEnabled" classname="com.aline.usermicroservice.LoginIntegrationTest" time="0.701"/>
  <testcase name="test_login_statusIsUnauthorized_when_login_is_incorrect" classname="com.aline.usermicroservice.LoginIntegrationTest" time="0.209"/>
  <testcase name="test_login_statusIsOk_when_login_is_correct" classname="com.aline.usermicroservice.LoginIntegrationTest" time="0.221"/>
  <testcase name="test_getCurrentUser_statusIsUnauthorized_when_user_doesNotOwnResource" classname="com.aline.usermicroservice.LoginIntegrationTest" time="0.127"/>
  <testcase name="test_getCurrentUser_statusIsForbidden_when_user_is_anonymous" classname="com.aline.usermicroservice.LoginIntegrationTest" time="0.117"/>
  <testcase name="test_getCurrentUser_statusIsOk_when_user_ownsResource" classname="com.aline.usermicroservice.LoginIntegrationTest" time="0.174"/>
</testsuite>